
AVRASM ver. 2.1.30  C:\Users\User\Documents\Amin ina\arya natoonest\Debug\List\1.asm Mon Apr 16 17:40:25 2018

C:\Users\User\Documents\Amin ina\arya natoonest\Debug\List\1.asm(1088): warning: Register r5 already defined by the .DEF directive
C:\Users\User\Documents\Amin ina\arya natoonest\Debug\List\1.asm(1089): warning: Register r4 already defined by the .DEF directive
C:\Users\User\Documents\Amin ina\arya natoonest\Debug\List\1.asm(1090): warning: Register r7 already defined by the .DEF directive
                 
                 
                 ;CodeVisionAVR C Compiler V3.12 Advanced
                 ;(C) Copyright 1998-2014 Pavel Haiduc, HP InfoTech s.r.l.
                 ;http://www.hpinfotech.com
                 
                 ;Build configuration    : Debug
                 ;Chip type              : ATmega16A
                 ;Program type           : Application
                 ;Clock frequency        : 12.000000 MHz
                 ;Memory model           : Small
                 ;Optimize for           : Size
                 ;(s)printf features     : int, width
                 ;(s)scanf features      : int, width
                 ;External RAM size      : 0
                 ;Data Stack size        : 256 byte(s)
                 ;Heap size              : 0 byte(s)
                 ;Promote 'char' to 'int': Yes
                 ;'char' is unsigned     : Yes
                 ;8 bit enums            : Yes
                 ;Global 'const' stored in FLASH: Yes
                 ;Enhanced function parameter passing: Yes
                 ;Enhanced core instructions: On
                 ;Automatic register allocation for global variables: On
                 ;Smart register allocation: On
                 
                 	#define _MODEL_SMALL_
                 
                 	#pragma AVRPART ADMIN PART_NAME ATmega16A
                 	#pragma AVRPART MEMORY PROG_FLASH 16384
                 	#pragma AVRPART MEMORY EEPROM 512
                 	#pragma AVRPART MEMORY INT_SRAM SIZE 1024
                 	#pragma AVRPART MEMORY INT_SRAM START_ADDR 0x60
                 
                 	#define CALL_SUPPORTED 1
                 
                 	.LISTMAC
                 	.EQU UDRE=0x5
                 	.EQU RXC=0x7
                 	.EQU USR=0xB
                 	.EQU UDR=0xC
                 	.EQU SPSR=0xE
                 	.EQU SPDR=0xF
                 	.EQU EERE=0x0
                 	.EQU EEWE=0x1
                 	.EQU EEMWE=0x2
                 	.EQU EECR=0x1C
                 	.EQU EEDR=0x1D
                 	.EQU EEARL=0x1E
                 	.EQU EEARH=0x1F
                 	.EQU WDTCR=0x21
                 	.EQU MCUCR=0x35
                 	.EQU GICR=0x3B
                 	.EQU SPL=0x3D
                 	.EQU SPH=0x3E
                 	.EQU SREG=0x3F
                 
                 	.DEF R0X0=R0
                 	.DEF R0X1=R1
                 	.DEF R0X2=R2
                 	.DEF R0X3=R3
                 	.DEF R0X4=R4
                 	.DEF R0X5=R5
                 	.DEF R0X6=R6
                 	.DEF R0X7=R7
                 	.DEF R0X8=R8
                 	.DEF R0X9=R9
                 	.DEF R0XA=R10
                 	.DEF R0XB=R11
                 	.DEF R0XC=R12
                 	.DEF R0XD=R13
                 	.DEF R0XE=R14
                 	.DEF R0XF=R15
                 	.DEF R0X10=R16
                 	.DEF R0X11=R17
                 	.DEF R0X12=R18
                 	.DEF R0X13=R19
                 	.DEF R0X14=R20
                 	.DEF R0X15=R21
                 	.DEF R0X16=R22
                 	.DEF R0X17=R23
                 	.DEF R0X18=R24
                 	.DEF R0X19=R25
                 	.DEF R0X1A=R26
                 	.DEF R0X1B=R27
                 	.DEF R0X1C=R28
                 	.DEF R0X1D=R29
                 	.DEF R0X1E=R30
                 	.DEF R0X1F=R31
                 
                 	.EQU __SRAM_START=0x0060
                 	.EQU __SRAM_END=0x045F
                 	.EQU __DSTACK_SIZE=0x0100
                 	.EQU __HEAP_SIZE=0x0000
                 	.EQU __CLEAR_SRAM_SIZE=__SRAM_END-__SRAM_START+1
                 
                 	.MACRO __CPD1N
                 	CPI  R30,LOW(@0)
                 	LDI  R26,HIGH(@0)
                 	CPC  R31,R26
                 	LDI  R26,BYTE3(@0)
                 	CPC  R22,R26
                 	LDI  R26,BYTE4(@0)
                 	CPC  R23,R26
                 	.ENDM
                 
                 	.MACRO __CPD2N
                 	CPI  R26,LOW(@0)
                 	LDI  R30,HIGH(@0)
                 	CPC  R27,R30
                 	LDI  R30,BYTE3(@0)
                 	CPC  R24,R30
                 	LDI  R30,BYTE4(@0)
                 	CPC  R25,R30
                 	.ENDM
                 
                 	.MACRO __CPWRR
                 	CP   R@0,R@2
                 	CPC  R@1,R@3
                 	.ENDM
                 
                 	.MACRO __CPWRN
                 	CPI  R@0,LOW(@2)
                 	LDI  R30,HIGH(@2)
                 	CPC  R@1,R30
                 	.ENDM
                 
                 	.MACRO __ADDB1MN
                 	SUBI R30,LOW(-@0-(@1))
                 	.ENDM
                 
                 	.MACRO __ADDB2MN
                 	SUBI R26,LOW(-@0-(@1))
                 	.ENDM
                 
                 	.MACRO __ADDW1MN
                 	SUBI R30,LOW(-@0-(@1))
                 	SBCI R31,HIGH(-@0-(@1))
                 	.ENDM
                 
                 	.MACRO __ADDW2MN
                 	SUBI R26,LOW(-@0-(@1))
                 	SBCI R27,HIGH(-@0-(@1))
                 	.ENDM
                 
                 	.MACRO __ADDW1FN
                 	SUBI R30,LOW(-2*@0-(@1))
                 	SBCI R31,HIGH(-2*@0-(@1))
                 	.ENDM
                 
                 	.MACRO __ADDD1FN
                 	SUBI R30,LOW(-2*@0-(@1))
                 	SBCI R31,HIGH(-2*@0-(@1))
                 	SBCI R22,BYTE3(-2*@0-(@1))
                 	.ENDM
                 
                 	.MACRO __ADDD1N
                 	SUBI R30,LOW(-@0)
                 	SBCI R31,HIGH(-@0)
                 	SBCI R22,BYTE3(-@0)
                 	SBCI R23,BYTE4(-@0)
                 	.ENDM
                 
                 	.MACRO __ADDD2N
                 	SUBI R26,LOW(-@0)
                 	SBCI R27,HIGH(-@0)
                 	SBCI R24,BYTE3(-@0)
                 	SBCI R25,BYTE4(-@0)
                 	.ENDM
                 
                 	.MACRO __SUBD1N
                 	SUBI R30,LOW(@0)
                 	SBCI R31,HIGH(@0)
                 	SBCI R22,BYTE3(@0)
                 	SBCI R23,BYTE4(@0)
                 	.ENDM
                 
                 	.MACRO __SUBD2N
                 	SUBI R26,LOW(@0)
                 	SBCI R27,HIGH(@0)
                 	SBCI R24,BYTE3(@0)
                 	SBCI R25,BYTE4(@0)
                 	.ENDM
                 
                 	.MACRO __ANDBMNN
                 	LDS  R30,@0+(@1)
                 	ANDI R30,LOW(@2)
                 	STS  @0+(@1),R30
                 	.ENDM
                 
                 	.MACRO __ANDWMNN
                 	LDS  R30,@0+(@1)
                 	ANDI R30,LOW(@2)
                 	STS  @0+(@1),R30
                 	LDS  R30,@0+(@1)+1
                 	ANDI R30,HIGH(@2)
                 	STS  @0+(@1)+1,R30
                 	.ENDM
                 
                 	.MACRO __ANDD1N
                 	ANDI R30,LOW(@0)
                 	ANDI R31,HIGH(@0)
                 	ANDI R22,BYTE3(@0)
                 	ANDI R23,BYTE4(@0)
                 	.ENDM
                 
                 	.MACRO __ANDD2N
                 	ANDI R26,LOW(@0)
                 	ANDI R27,HIGH(@0)
                 	ANDI R24,BYTE3(@0)
                 	ANDI R25,BYTE4(@0)
                 	.ENDM
                 
                 	.MACRO __ORBMNN
                 	LDS  R30,@0+(@1)
                 	ORI  R30,LOW(@2)
                 	STS  @0+(@1),R30
                 	.ENDM
                 
                 	.MACRO __ORWMNN
                 	LDS  R30,@0+(@1)
                 	ORI  R30,LOW(@2)
                 	STS  @0+(@1),R30
                 	LDS  R30,@0+(@1)+1
                 	ORI  R30,HIGH(@2)
                 	STS  @0+(@1)+1,R30
                 	.ENDM
                 
                 	.MACRO __ORD1N
                 	ORI  R30,LOW(@0)
                 	ORI  R31,HIGH(@0)
                 	ORI  R22,BYTE3(@0)
                 	ORI  R23,BYTE4(@0)
                 	.ENDM
                 
                 	.MACRO __ORD2N
                 	ORI  R26,LOW(@0)
                 	ORI  R27,HIGH(@0)
                 	ORI  R24,BYTE3(@0)
                 	ORI  R25,BYTE4(@0)
                 	.ENDM
                 
                 	.MACRO __DELAY_USB
                 	LDI  R24,LOW(@0)
                 __DELAY_USB_LOOP:
                 	DEC  R24
                 	BRNE __DELAY_USB_LOOP
                 	.ENDM
                 
                 	.MACRO __DELAY_USW
                 	LDI  R24,LOW(@0)
                 	LDI  R25,HIGH(@0)
                 __DELAY_USW_LOOP:
                 	SBIW R24,1
                 	BRNE __DELAY_USW_LOOP
                 	.ENDM
                 
                 	.MACRO __GETD1S
                 	LDD  R30,Y+@0
                 	LDD  R31,Y+@0+1
                 	LDD  R22,Y+@0+2
                 	LDD  R23,Y+@0+3
                 	.ENDM
                 
                 	.MACRO __GETD2S
                 	LDD  R26,Y+@0
                 	LDD  R27,Y+@0+1
                 	LDD  R24,Y+@0+2
                 	LDD  R25,Y+@0+3
                 	.ENDM
                 
                 	.MACRO __PUTD1S
                 	STD  Y+@0,R30
                 	STD  Y+@0+1,R31
                 	STD  Y+@0+2,R22
                 	STD  Y+@0+3,R23
                 	.ENDM
                 
                 	.MACRO __PUTD2S
                 	STD  Y+@0,R26
                 	STD  Y+@0+1,R27
                 	STD  Y+@0+2,R24
                 	STD  Y+@0+3,R25
                 	.ENDM
                 
                 	.MACRO __PUTDZ2
                 	STD  Z+@0,R26
                 	STD  Z+@0+1,R27
                 	STD  Z+@0+2,R24
                 	STD  Z+@0+3,R25
                 	.ENDM
                 
                 	.MACRO __CLRD1S
                 	STD  Y+@0,R30
                 	STD  Y+@0+1,R30
                 	STD  Y+@0+2,R30
                 	STD  Y+@0+3,R30
                 	.ENDM
                 
                 	.MACRO __POINTB1MN
                 	LDI  R30,LOW(@0+(@1))
                 	.ENDM
                 
                 	.MACRO __POINTW1MN
                 	LDI  R30,LOW(@0+(@1))
                 	LDI  R31,HIGH(@0+(@1))
                 	.ENDM
                 
                 	.MACRO __POINTD1M
                 	LDI  R30,LOW(@0)
                 	LDI  R31,HIGH(@0)
                 	LDI  R22,BYTE3(@0)
                 	LDI  R23,BYTE4(@0)
                 	.ENDM
                 
                 	.MACRO __POINTW1FN
                 	LDI  R30,LOW(2*@0+(@1))
                 	LDI  R31,HIGH(2*@0+(@1))
                 	.ENDM
                 
                 	.MACRO __POINTD1FN
                 	LDI  R30,LOW(2*@0+(@1))
                 	LDI  R31,HIGH(2*@0+(@1))
                 	LDI  R22,BYTE3(2*@0+(@1))
                 	LDI  R23,BYTE4(2*@0+(@1))
                 	.ENDM
                 
                 	.MACRO __POINTB2MN
                 	LDI  R26,LOW(@0+(@1))
                 	.ENDM
                 
                 	.MACRO __POINTW2MN
                 	LDI  R26,LOW(@0+(@1))
                 	LDI  R27,HIGH(@0+(@1))
                 	.ENDM
                 
                 	.MACRO __POINTW2FN
                 	LDI  R26,LOW(2*@0+(@1))
                 	LDI  R27,HIGH(2*@0+(@1))
                 	.ENDM
                 
                 	.MACRO __POINTD2FN
                 	LDI  R26,LOW(2*@0+(@1))
                 	LDI  R27,HIGH(2*@0+(@1))
                 	LDI  R24,BYTE3(2*@0+(@1))
                 	LDI  R25,BYTE4(2*@0+(@1))
                 	.ENDM
                 
                 	.MACRO __POINTBRM
                 	LDI  R@0,LOW(@1)
                 	.ENDM
                 
                 	.MACRO __POINTWRM
                 	LDI  R@0,LOW(@2)
                 	LDI  R@1,HIGH(@2)
                 	.ENDM
                 
                 	.MACRO __POINTBRMN
                 	LDI  R@0,LOW(@1+(@2))
                 	.ENDM
                 
                 	.MACRO __POINTWRMN
                 	LDI  R@0,LOW(@2+(@3))
                 	LDI  R@1,HIGH(@2+(@3))
                 	.ENDM
                 
                 	.MACRO __POINTWRFN
                 	LDI  R@0,LOW(@2*2+(@3))
                 	LDI  R@1,HIGH(@2*2+(@3))
                 	.ENDM
                 
                 	.MACRO __GETD1N
                 	LDI  R30,LOW(@0)
                 	LDI  R31,HIGH(@0)
                 	LDI  R22,BYTE3(@0)
                 	LDI  R23,BYTE4(@0)
                 	.ENDM
                 
                 	.MACRO __GETD2N
                 	LDI  R26,LOW(@0)
                 	LDI  R27,HIGH(@0)
                 	LDI  R24,BYTE3(@0)
                 	LDI  R25,BYTE4(@0)
                 	.ENDM
                 
                 	.MACRO __GETB1MN
                 	LDS  R30,@0+(@1)
                 	.ENDM
                 
                 	.MACRO __GETB1HMN
                 	LDS  R31,@0+(@1)
                 	.ENDM
                 
                 	.MACRO __GETW1MN
                 	LDS  R30,@0+(@1)
                 	LDS  R31,@0+(@1)+1
                 	.ENDM
                 
                 	.MACRO __GETD1MN
                 	LDS  R30,@0+(@1)
                 	LDS  R31,@0+(@1)+1
                 	LDS  R22,@0+(@1)+2
                 	LDS  R23,@0+(@1)+3
                 	.ENDM
                 
                 	.MACRO __GETBRMN
                 	LDS  R@0,@1+(@2)
                 	.ENDM
                 
                 	.MACRO __GETWRMN
                 	LDS  R@0,@2+(@3)
                 	LDS  R@1,@2+(@3)+1
                 	.ENDM
                 
                 	.MACRO __GETWRZ
                 	LDD  R@0,Z+@2
                 	LDD  R@1,Z+@2+1
                 	.ENDM
                 
                 	.MACRO __GETD2Z
                 	LDD  R26,Z+@0
                 	LDD  R27,Z+@0+1
                 	LDD  R24,Z+@0+2
                 	LDD  R25,Z+@0+3
                 	.ENDM
                 
                 	.MACRO __GETB2MN
                 	LDS  R26,@0+(@1)
                 	.ENDM
                 
                 	.MACRO __GETW2MN
                 	LDS  R26,@0+(@1)
                 	LDS  R27,@0+(@1)+1
                 	.ENDM
                 
                 	.MACRO __GETD2MN
                 	LDS  R26,@0+(@1)
                 	LDS  R27,@0+(@1)+1
                 	LDS  R24,@0+(@1)+2
                 	LDS  R25,@0+(@1)+3
                 	.ENDM
                 
                 	.MACRO __PUTB1MN
                 	STS  @0+(@1),R30
                 	.ENDM
                 
                 	.MACRO __PUTW1MN
                 	STS  @0+(@1),R30
                 	STS  @0+(@1)+1,R31
                 	.ENDM
                 
                 	.MACRO __PUTD1MN
                 	STS  @0+(@1),R30
                 	STS  @0+(@1)+1,R31
                 	STS  @0+(@1)+2,R22
                 	STS  @0+(@1)+3,R23
                 	.ENDM
                 
                 	.MACRO __PUTB1EN
                 	LDI  R26,LOW(@0+(@1))
                 	LDI  R27,HIGH(@0+(@1))
                 	CALL __EEPROMWRB
                 	.ENDM
                 
                 	.MACRO __PUTW1EN
                 	LDI  R26,LOW(@0+(@1))
                 	LDI  R27,HIGH(@0+(@1))
                 	CALL __EEPROMWRW
                 	.ENDM
                 
                 	.MACRO __PUTD1EN
                 	LDI  R26,LOW(@0+(@1))
                 	LDI  R27,HIGH(@0+(@1))
                 	CALL __EEPROMWRD
                 	.ENDM
                 
                 	.MACRO __PUTBR0MN
                 	STS  @0+(@1),R0
                 	.ENDM
                 
                 	.MACRO __PUTBMRN
                 	STS  @0+(@1),R@2
                 	.ENDM
                 
                 	.MACRO __PUTWMRN
                 	STS  @0+(@1),R@2
                 	STS  @0+(@1)+1,R@3
                 	.ENDM
                 
                 	.MACRO __PUTBZR
                 	STD  Z+@1,R@0
                 	.ENDM
                 
                 	.MACRO __PUTWZR
                 	STD  Z+@2,R@0
                 	STD  Z+@2+1,R@1
                 	.ENDM
                 
                 	.MACRO __GETW1R
                 	MOV  R30,R@0
                 	MOV  R31,R@1
                 	.ENDM
                 
                 	.MACRO __GETW2R
                 	MOV  R26,R@0
                 	MOV  R27,R@1
                 	.ENDM
                 
                 	.MACRO __GETWRN
                 	LDI  R@0,LOW(@2)
                 	LDI  R@1,HIGH(@2)
                 	.ENDM
                 
                 	.MACRO __PUTW1R
                 	MOV  R@0,R30
                 	MOV  R@1,R31
                 	.ENDM
                 
                 	.MACRO __PUTW2R
                 	MOV  R@0,R26
                 	MOV  R@1,R27
                 	.ENDM
                 
                 	.MACRO __ADDWRN
                 	SUBI R@0,LOW(-@2)
                 	SBCI R@1,HIGH(-@2)
                 	.ENDM
                 
                 	.MACRO __ADDWRR
                 	ADD  R@0,R@2
                 	ADC  R@1,R@3
                 	.ENDM
                 
                 	.MACRO __SUBWRN
                 	SUBI R@0,LOW(@2)
                 	SBCI R@1,HIGH(@2)
                 	.ENDM
                 
                 	.MACRO __SUBWRR
                 	SUB  R@0,R@2
                 	SBC  R@1,R@3
                 	.ENDM
                 
                 	.MACRO __ANDWRN
                 	ANDI R@0,LOW(@2)
                 	ANDI R@1,HIGH(@2)
                 	.ENDM
                 
                 	.MACRO __ANDWRR
                 	AND  R@0,R@2
                 	AND  R@1,R@3
                 	.ENDM
                 
                 	.MACRO __ORWRN
                 	ORI  R@0,LOW(@2)
                 	ORI  R@1,HIGH(@2)
                 	.ENDM
                 
                 	.MACRO __ORWRR
                 	OR   R@0,R@2
                 	OR   R@1,R@3
                 	.ENDM
                 
                 	.MACRO __EORWRR
                 	EOR  R@0,R@2
                 	EOR  R@1,R@3
                 	.ENDM
                 
                 	.MACRO __GETWRS
                 	LDD  R@0,Y+@2
                 	LDD  R@1,Y+@2+1
                 	.ENDM
                 
                 	.MACRO __PUTBSR
                 	STD  Y+@1,R@0
                 	.ENDM
                 
                 	.MACRO __PUTWSR
                 	STD  Y+@2,R@0
                 	STD  Y+@2+1,R@1
                 	.ENDM
                 
                 	.MACRO __MOVEWRR
                 	MOV  R@0,R@2
                 	MOV  R@1,R@3
                 	.ENDM
                 
                 	.MACRO __INWR
                 	IN   R@0,@2
                 	IN   R@1,@2+1
                 	.ENDM
                 
                 	.MACRO __OUTWR
                 	OUT  @2+1,R@1
                 	OUT  @2,R@0
                 	.ENDM
                 
                 	.MACRO __CALL1MN
                 	LDS  R30,@0+(@1)
                 	LDS  R31,@0+(@1)+1
                 	ICALL
                 	.ENDM
                 
                 	.MACRO __CALL1FN
                 	LDI  R30,LOW(2*@0+(@1))
                 	LDI  R31,HIGH(2*@0+(@1))
                 	CALL __GETW1PF
                 	ICALL
                 	.ENDM
                 
                 	.MACRO __CALL2EN
                 	PUSH R26
                 	PUSH R27
                 	LDI  R26,LOW(@0+(@1))
                 	LDI  R27,HIGH(@0+(@1))
                 	CALL __EEPROMRDW
                 	POP  R27
                 	POP  R26
                 	ICALL
                 	.ENDM
                 
                 	.MACRO __CALL2EX
                 	SUBI R26,LOW(-@0)
                 	SBCI R27,HIGH(-@0)
                 	CALL __EEPROMRDD
                 	ICALL
                 	.ENDM
                 
                 	.MACRO __GETW1STACK
                 	IN   R30,SPL
                 	IN   R31,SPH
                 	ADIW R30,@0+1
                 	LD   R0,Z+
                 	LD   R31,Z
                 	MOV  R30,R0
                 	.ENDM
                 
                 	.MACRO __GETD1STACK
                 	IN   R30,SPL
                 	IN   R31,SPH
                 	ADIW R30,@0+1
                 	LD   R0,Z+
                 	LD   R1,Z+
                 	LD   R22,Z
                 	MOVW R30,R0
                 	.ENDM
                 
                 	.MACRO __NBST
                 	BST  R@0,@1
                 	IN   R30,SREG
                 	LDI  R31,0x40
                 	EOR  R30,R31
                 	OUT  SREG,R30
                 	.ENDM
                 
                 
                 	.MACRO __PUTB1SN
                 	LDD  R26,Y+@0
                 	LDD  R27,Y+@0+1
                 	SUBI R26,LOW(-@1)
                 	SBCI R27,HIGH(-@1)
                 	ST   X,R30
                 	.ENDM
                 
                 	.MACRO __PUTW1SN
                 	LDD  R26,Y+@0
                 	LDD  R27,Y+@0+1
                 	SUBI R26,LOW(-@1)
                 	SBCI R27,HIGH(-@1)
                 	ST   X+,R30
                 	ST   X,R31
                 	.ENDM
                 
                 	.MACRO __PUTD1SN
                 	LDD  R26,Y+@0
                 	LDD  R27,Y+@0+1
                 	SUBI R26,LOW(-@1)
                 	SBCI R27,HIGH(-@1)
                 	CALL __PUTDP1
                 	.ENDM
                 
                 	.MACRO __PUTB1SNS
                 	LDD  R26,Y+@0
                 	LDD  R27,Y+@0+1
                 	ADIW R26,@1
                 	ST   X,R30
                 	.ENDM
                 
                 	.MACRO __PUTW1SNS
                 	LDD  R26,Y+@0
                 	LDD  R27,Y+@0+1
                 	ADIW R26,@1
                 	ST   X+,R30
                 	ST   X,R31
                 	.ENDM
                 
                 	.MACRO __PUTD1SNS
                 	LDD  R26,Y+@0
                 	LDD  R27,Y+@0+1
                 	ADIW R26,@1
                 	CALL __PUTDP1
                 	.ENDM
                 
                 	.MACRO __PUTB1PMN
                 	LDS  R26,@0
                 	LDS  R27,@0+1
                 	SUBI R26,LOW(-@1)
                 	SBCI R27,HIGH(-@1)
                 	ST   X,R30
                 	.ENDM
                 
                 	.MACRO __PUTW1PMN
                 	LDS  R26,@0
                 	LDS  R27,@0+1
                 	SUBI R26,LOW(-@1)
                 	SBCI R27,HIGH(-@1)
                 	ST   X+,R30
                 	ST   X,R31
                 	.ENDM
                 
                 	.MACRO __PUTD1PMN
                 	LDS  R26,@0
                 	LDS  R27,@0+1
                 	SUBI R26,LOW(-@1)
                 	SBCI R27,HIGH(-@1)
                 	CALL __PUTDP1
                 	.ENDM
                 
                 	.MACRO __PUTB1PMNS
                 	LDS  R26,@0
                 	LDS  R27,@0+1
                 	ADIW R26,@1
                 	ST   X,R30
                 	.ENDM
                 
                 	.MACRO __PUTW1PMNS
                 	LDS  R26,@0
                 	LDS  R27,@0+1
                 	ADIW R26,@1
                 	ST   X+,R30
                 	ST   X,R31
                 	.ENDM
                 
                 	.MACRO __PUTD1PMNS
                 	LDS  R26,@0
                 	LDS  R27,@0+1
                 	ADIW R26,@1
                 	CALL __PUTDP1
                 	.ENDM
                 
                 	.MACRO __PUTB1RN
                 	MOVW R26,R@0
                 	SUBI R26,LOW(-@1)
                 	SBCI R27,HIGH(-@1)
                 	ST   X,R30
                 	.ENDM
                 
                 	.MACRO __PUTW1RN
                 	MOVW R26,R@0
                 	SUBI R26,LOW(-@1)
                 	SBCI R27,HIGH(-@1)
                 	ST   X+,R30
                 	ST   X,R31
                 	.ENDM
                 
                 	.MACRO __PUTD1RN
                 	MOVW R26,R@0
                 	SUBI R26,LOW(-@1)
                 	SBCI R27,HIGH(-@1)
                 	CALL __PUTDP1
                 	.ENDM
                 
                 	.MACRO __PUTB1RNS
                 	MOVW R26,R@0
                 	ADIW R26,@1
                 	ST   X,R30
                 	.ENDM
                 
                 	.MACRO __PUTW1RNS
                 	MOVW R26,R@0
                 	ADIW R26,@1
                 	ST   X+,R30
                 	ST   X,R31
                 	.ENDM
                 
                 	.MACRO __PUTD1RNS
                 	MOVW R26,R@0
                 	ADIW R26,@1
                 	CALL __PUTDP1
                 	.ENDM
                 
                 	.MACRO __PUTB1RON
                 	MOV  R26,R@0
                 	MOV  R27,R@1
                 	SUBI R26,LOW(-@2)
                 	SBCI R27,HIGH(-@2)
                 	ST   X,R30
                 	.ENDM
                 
                 	.MACRO __PUTW1RON
                 	MOV  R26,R@0
                 	MOV  R27,R@1
                 	SUBI R26,LOW(-@2)
                 	SBCI R27,HIGH(-@2)
                 	ST   X+,R30
                 	ST   X,R31
                 	.ENDM
                 
                 	.MACRO __PUTD1RON
                 	MOV  R26,R@0
                 	MOV  R27,R@1
                 	SUBI R26,LOW(-@2)
                 	SBCI R27,HIGH(-@2)
                 	CALL __PUTDP1
                 	.ENDM
                 
                 	.MACRO __PUTB1RONS
                 	MOV  R26,R@0
                 	MOV  R27,R@1
                 	ADIW R26,@2
                 	ST   X,R30
                 	.ENDM
                 
                 	.MACRO __PUTW1RONS
                 	MOV  R26,R@0
                 	MOV  R27,R@1
                 	ADIW R26,@2
                 	ST   X+,R30
                 	ST   X,R31
                 	.ENDM
                 
                 	.MACRO __PUTD1RONS
                 	MOV  R26,R@0
                 	MOV  R27,R@1
                 	ADIW R26,@2
                 	CALL __PUTDP1
                 	.ENDM
                 
                 
                 	.MACRO __GETB1SX
                 	MOVW R30,R28
                 	SUBI R30,LOW(-@0)
                 	SBCI R31,HIGH(-@0)
                 	LD   R30,Z
                 	.ENDM
                 
                 	.MACRO __GETB1HSX
                 	MOVW R30,R28
                 	SUBI R30,LOW(-@0)
                 	SBCI R31,HIGH(-@0)
                 	LD   R31,Z
                 	.ENDM
                 
                 	.MACRO __GETW1SX
                 	MOVW R30,R28
                 	SUBI R30,LOW(-@0)
                 	SBCI R31,HIGH(-@0)
                 	LD   R0,Z+
                 	LD   R31,Z
                 	MOV  R30,R0
                 	.ENDM
                 
                 	.MACRO __GETD1SX
                 	MOVW R30,R28
                 	SUBI R30,LOW(-@0)
                 	SBCI R31,HIGH(-@0)
                 	LD   R0,Z+
                 	LD   R1,Z+
                 	LD   R22,Z+
                 	LD   R23,Z
                 	MOVW R30,R0
                 	.ENDM
                 
                 	.MACRO __GETB2SX
                 	MOVW R26,R28
                 	SUBI R26,LOW(-@0)
                 	SBCI R27,HIGH(-@0)
                 	LD   R26,X
                 	.ENDM
                 
                 	.MACRO __GETW2SX
                 	MOVW R26,R28
                 	SUBI R26,LOW(-@0)
                 	SBCI R27,HIGH(-@0)
                 	LD   R0,X+
                 	LD   R27,X
                 	MOV  R26,R0
                 	.ENDM
                 
                 	.MACRO __GETD2SX
                 	MOVW R26,R28
                 	SUBI R26,LOW(-@0)
                 	SBCI R27,HIGH(-@0)
                 	LD   R0,X+
                 	LD   R1,X+
                 	LD   R24,X+
                 	LD   R25,X
                 	MOVW R26,R0
                 	.ENDM
                 
                 	.MACRO __GETBRSX
                 	MOVW R30,R28
                 	SUBI R30,LOW(-@1)
                 	SBCI R31,HIGH(-@1)
                 	LD   R@0,Z
                 	.ENDM
                 
                 	.MACRO __GETWRSX
                 	MOVW R30,R28
                 	SUBI R30,LOW(-@2)
                 	SBCI R31,HIGH(-@2)
                 	LD   R@0,Z+
                 	LD   R@1,Z
                 	.ENDM
                 
                 	.MACRO __GETBRSX2
                 	MOVW R26,R28
                 	SUBI R26,LOW(-@1)
                 	SBCI R27,HIGH(-@1)
                 	LD   R@0,X
                 	.ENDM
                 
                 	.MACRO __GETWRSX2
                 	MOVW R26,R28
                 	SUBI R26,LOW(-@2)
                 	SBCI R27,HIGH(-@2)
                 	LD   R@0,X+
                 	LD   R@1,X
                 	.ENDM
                 
                 	.MACRO __LSLW8SX
                 	MOVW R30,R28
                 	SUBI R30,LOW(-@0)
                 	SBCI R31,HIGH(-@0)
                 	LD   R31,Z
                 	CLR  R30
                 	.ENDM
                 
                 	.MACRO __PUTB1SX
                 	MOVW R26,R28
                 	SUBI R26,LOW(-@0)
                 	SBCI R27,HIGH(-@0)
                 	ST   X,R30
                 	.ENDM
                 
                 	.MACRO __PUTW1SX
                 	MOVW R26,R28
                 	SUBI R26,LOW(-@0)
                 	SBCI R27,HIGH(-@0)
                 	ST   X+,R30
                 	ST   X,R31
                 	.ENDM
                 
                 	.MACRO __PUTD1SX
                 	MOVW R26,R28
                 	SUBI R26,LOW(-@0)
                 	SBCI R27,HIGH(-@0)
                 	ST   X+,R30
                 	ST   X+,R31
                 	ST   X+,R22
                 	ST   X,R23
                 	.ENDM
                 
                 	.MACRO __CLRW1SX
                 	MOVW R26,R28
                 	SUBI R26,LOW(-@0)
                 	SBCI R27,HIGH(-@0)
                 	ST   X+,R30
                 	ST   X,R30
                 	.ENDM
                 
                 	.MACRO __CLRD1SX
                 	MOVW R26,R28
                 	SUBI R26,LOW(-@0)
                 	SBCI R27,HIGH(-@0)
                 	ST   X+,R30
                 	ST   X+,R30
                 	ST   X+,R30
                 	ST   X,R30
                 	.ENDM
                 
                 	.MACRO __PUTB2SX
                 	MOVW R30,R28
                 	SUBI R30,LOW(-@0)
                 	SBCI R31,HIGH(-@0)
                 	ST   Z,R26
                 	.ENDM
                 
                 	.MACRO __PUTW2SX
                 	MOVW R30,R28
                 	SUBI R30,LOW(-@0)
                 	SBCI R31,HIGH(-@0)
                 	ST   Z+,R26
                 	ST   Z,R27
                 	.ENDM
                 
                 	.MACRO __PUTD2SX
                 	MOVW R30,R28
                 	SUBI R30,LOW(-@0)
                 	SBCI R31,HIGH(-@0)
                 	ST   Z+,R26
                 	ST   Z+,R27
                 	ST   Z+,R24
                 	ST   Z,R25
                 	.ENDM
                 
                 	.MACRO __PUTBSRX
                 	MOVW R30,R28
                 	SUBI R30,LOW(-@1)
                 	SBCI R31,HIGH(-@1)
                 	ST   Z,R@0
                 	.ENDM
                 
                 	.MACRO __PUTWSRX
                 	MOVW R30,R28
                 	SUBI R30,LOW(-@2)
                 	SBCI R31,HIGH(-@2)
                 	ST   Z+,R@0
                 	ST   Z,R@1
                 	.ENDM
                 
                 	.MACRO __PUTB1SNX
                 	MOVW R26,R28
                 	SUBI R26,LOW(-@0)
                 	SBCI R27,HIGH(-@0)
                 	LD   R0,X+
                 	LD   R27,X
                 	MOV  R26,R0
                 	SUBI R26,LOW(-@1)
                 	SBCI R27,HIGH(-@1)
                 	ST   X,R30
                 	.ENDM
                 
                 	.MACRO __PUTW1SNX
                 	MOVW R26,R28
                 	SUBI R26,LOW(-@0)
                 	SBCI R27,HIGH(-@0)
                 	LD   R0,X+
                 	LD   R27,X
                 	MOV  R26,R0
                 	SUBI R26,LOW(-@1)
                 	SBCI R27,HIGH(-@1)
                 	ST   X+,R30
                 	ST   X,R31
                 	.ENDM
                 
                 	.MACRO __PUTD1SNX
                 	MOVW R26,R28
                 	SUBI R26,LOW(-@0)
                 	SBCI R27,HIGH(-@0)
                 	LD   R0,X+
                 	LD   R27,X
                 	MOV  R26,R0
                 	SUBI R26,LOW(-@1)
                 	SBCI R27,HIGH(-@1)
                 	ST   X+,R30
                 	ST   X+,R31
                 	ST   X+,R22
                 	ST   X,R23
                 	.ENDM
                 
                 	.MACRO __MULBRR
                 	MULS R@0,R@1
                 	MOVW R30,R0
                 	.ENDM
                 
                 	.MACRO __MULBRRU
                 	MUL  R@0,R@1
                 	MOVW R30,R0
                 	.ENDM
                 
                 	.MACRO __MULBRR0
                 	MULS R@0,R@1
                 	.ENDM
                 
                 	.MACRO __MULBRRU0
                 	MUL  R@0,R@1
                 	.ENDM
                 
                 	.MACRO __MULBNWRU
                 	LDI  R26,@2
                 	MUL  R26,R@0
                 	MOVW R30,R0
                 	MUL  R26,R@1
                 	ADD  R31,R0
                 	.ENDM
                 
                 ;NAME DEFINITIONS FOR GLOBAL VARIABLES ALLOCATED TO REGISTERS
                 	.DEF __lcd_x=R5
                 	.DEF __lcd_y=R4
                 	.DEF __lcd_maxx=R7
                 
                 	.CSEG
                 	.ORG 0x00
                 
                 ;START OF CODE MARKER
                 __START_OF_CODE:
                 
                 ;INTERRUPT VECTORS
000000 940c 003d 	JMP  __RESET
000002 940c 0000 	JMP  0x00
000004 940c 0000 	JMP  0x00
000006 940c 0000 	JMP  0x00
000008 940c 0000 	JMP  0x00
00000a 940c 0000 	JMP  0x00
00000c 940c 0000 	JMP  0x00
00000e 940c 0000 	JMP  0x00
000010 940c 0000 	JMP  0x00
000012 940c 0000 	JMP  0x00
000014 940c 0000 	JMP  0x00
000016 940c 0000 	JMP  0x00
000018 940c 0000 	JMP  0x00
00001a 940c 0000 	JMP  0x00
00001c 940c 0000 	JMP  0x00
00001e 940c 0000 	JMP  0x00
000020 940c 0000 	JMP  0x00
000022 940c 0000 	JMP  0x00
000024 940c 0000 	JMP  0x00
000026 940c 0000 	JMP  0x00
000028 940c 0000 	JMP  0x00
                 
                 __base_y_G100:
00002a a080
00002b e0c0      	.DB  0x80,0xA0,0xC0,0xE0
                 
                 _0x0:
00002c 0030
00002d 0031
00002e 0032
00002f 0033      	.DB  0x30,0x0,0x31,0x0,0x32,0x0,0x33,0x0
                 
                 __GLOBAL_INI_TBL:
000030 0002      	.DW  0x02
000031 0160      	.DW  _0x2C
000032 0058      	.DW  _0x0*2
                 
000033 0002      	.DW  0x02
000034 0162      	.DW  _0x2C+2
000035 005a      	.DW  _0x0*2+2
                 
000036 0002      	.DW  0x02
000037 0164      	.DW  _0x2C+4
000038 005c      	.DW  _0x0*2+4
                 
000039 0002      	.DW  0x02
00003a 0166      	.DW  _0x2C+6
00003b 005e      	.DW  _0x0*2+6
                 
                 _0xFFFFFFFF:
00003c 0000      	.DW  0
                 
                 #define __GLOBAL_INI_TBL_PRESENT 1
                 
                 __RESET:
00003d 94f8      	CLI
00003e 27ee      	CLR  R30
00003f bbec      	OUT  EECR,R30
                 
                 ;INTERRUPT VECTORS ARE PLACED
                 ;AT THE START OF FLASH
000040 e0f1      	LDI  R31,1
000041 bffb      	OUT  GICR,R31
000042 bfeb      	OUT  GICR,R30
000043 bfe5      	OUT  MCUCR,R30
                 
                 ;CLEAR R2-R14
000044 e08d      	LDI  R24,(14-2)+1
000045 e0a2      	LDI  R26,2
000046 27bb      	CLR  R27
                 __CLEAR_REG:
000047 93ed      	ST   X+,R30
000048 958a      	DEC  R24
000049 f7e9      	BRNE __CLEAR_REG
                 
                 ;CLEAR SRAM
00004a e080      	LDI  R24,LOW(__CLEAR_SRAM_SIZE)
00004b e094      	LDI  R25,HIGH(__CLEAR_SRAM_SIZE)
00004c e6a0      	LDI  R26,__SRAM_START
                 __CLEAR_SRAM:
00004d 93ed      	ST   X+,R30
00004e 9701      	SBIW R24,1
00004f f7e9      	BRNE __CLEAR_SRAM
                 
                 ;GLOBAL VARIABLES INITIALIZATION
000050 e6e0      	LDI  R30,LOW(__GLOBAL_INI_TBL*2)
000051 e0f0      	LDI  R31,HIGH(__GLOBAL_INI_TBL*2)
                 __GLOBAL_INI_NEXT:
000052 9185      	LPM  R24,Z+
000053 9195      	LPM  R25,Z+
000054 9700      	SBIW R24,0
000055 f061      	BREQ __GLOBAL_INI_END
000056 91a5      	LPM  R26,Z+
000057 91b5      	LPM  R27,Z+
000058 9005      	LPM  R0,Z+
000059 9015      	LPM  R1,Z+
00005a 01bf      	MOVW R22,R30
00005b 01f0      	MOVW R30,R0
                 __GLOBAL_INI_LOOP:
00005c 9005      	LPM  R0,Z+
00005d 920d      	ST   X+,R0
00005e 9701      	SBIW R24,1
00005f f7e1      	BRNE __GLOBAL_INI_LOOP
000060 01fb      	MOVW R30,R22
000061 cff0      	RJMP __GLOBAL_INI_NEXT
                 __GLOBAL_INI_END:
                 
                 ;HARDWARE STACK POINTER INITIALIZATION
000062 e5ef      	LDI  R30,LOW(__SRAM_END-__HEAP_SIZE)
000063 bfed      	OUT  SPL,R30
000064 e0e4      	LDI  R30,HIGH(__SRAM_END-__HEAP_SIZE)
000065 bfee      	OUT  SPH,R30
                 
                 ;DATA STACK POINTER INITIALIZATION
000066 e6c0      	LDI  R28,LOW(__SRAM_START+__DSTACK_SIZE)
000067 e0d1      	LDI  R29,HIGH(__SRAM_START+__DSTACK_SIZE)
                 
000068 940c 006a 	JMP  _main
                 
                 	.ESEG
                 	.ORG 0
                 
                 	.DSEG
                 	.ORG 0x160
                 
                 	.CSEG
                 ;/*******************************************************
                 ;This program was created by the
                 ;CodeWizardAVR V3.12 Advanced
                 ;Automatic Program Generator
                 ;© Copyright 1998-2014 Pavel Haiduc, HP InfoTech s.r.l.
                 ;http://www.hpinfotech.com
                 ;
                 ;Project :
                 ;Version :
                 ;Date    : 04/15/2018
                 ;Author  :
                 ;Company :
                 ;Comments:
                 ;
                 ;
                 ;Chip type               : ATmega16A
                 ;Program type            : Application
                 ;AVR Core Clock frequency: 12.000000 MHz
                 ;Memory model            : Small
                 ;External RAM size       : 0
                 ;Data Stack size         : 256
                 ;*******************************************************/
                 ;
                 ;#include <mega16a.h>
                 	#ifndef __SLEEP_DEFINED__
                 	#define __SLEEP_DEFINED__
                 	.EQU __se_bit=0x40
                 	.EQU __sm_mask=0xB0
                 	.EQU __sm_powerdown=0x20
                 	.EQU __sm_powersave=0x30
                 	.EQU __sm_standby=0xA0
                 	.EQU __sm_ext_standby=0xB0
                 	.EQU __sm_adc_noise_red=0x10
                 	.SET power_ctrl_reg=mcucr
                 	#endif
                 ;
                 ;// Alphanumeric LCD functions
                 ;#include <alcd_ks0073.h>
                 ;
                 ;// Declare your global variables here
                 ;
                 ;void main(void)
                 ; 0000 0020 {
                 
                 	.CSEG
                 _main:
                 ; .FSTART _main
                 ; 0000 0021 // Declare your local variables here
                 ; 0000 0022 
                 ; 0000 0023 // Input/Output Ports initialization
                 ; 0000 0024 // Port A initialization
                 ; 0000 0025 // Function: Bit7=In Bit6=In Bit5=In Bit4=In Bit3=In Bit2=In Bit1=In Bit0=In
                 ; 0000 0026 DDRA=(0<<DDA7) | (0<<DDA6) | (0<<DDA5) | (0<<DDA4) | (0<<DDA3) | (0<<DDA2) | (0<<DDA1) | (0<<DDA0);
00006a e0e0      	LDI  R30,LOW(0)
00006b bbea      	OUT  0x1A,R30
                 ; 0000 0027 // State: Bit7=T Bit6=T Bit5=T Bit4=T Bit3=T Bit2=T Bit1=T Bit0=T
                 ; 0000 0028 PORTA=(0<<PORTA7) | (0<<PORTA6) | (0<<PORTA5) | (0<<PORTA4) | (0<<PORTA3) | (0<<PORTA2) | (0<<PORTA1) | (0<<PORTA0);
00006c bbeb      	OUT  0x1B,R30
                 ; 0000 0029 
                 ; 0000 002A // Port B initialization
                 ; 0000 002B // Function: Bit7=In Bit6=In Bit5=In Bit4=In Bit3=In Bit2=In Bit1=In Bit0=In
                 ; 0000 002C DDRB=(1<<DDB7) | (1<<DDB6) | (1<<DDB5) | (1<<DDB4) | (0<<DDB3) | (0<<DDB2) | (0<<DDB1) | (0<<DDB0);
00006d efe0      	LDI  R30,LOW(240)
00006e bbe7      	OUT  0x17,R30
                 ; 0000 002D // State: Bit7=T Bit6=T Bit5=T Bit4=T Bit3=T Bit2=T Bit1=T Bit0=T
                 ; 0000 002E PORTB=(0<<PORTB7) | (0<<PORTB6) | (0<<PORTB5) | (0<<PORTB4) | (1<<PORTB3) | (1<<PORTB2) | (1<<PORTB1) | (1<<PORTB0);
00006f e0ef      	LDI  R30,LOW(15)
000070 bbe8      	OUT  0x18,R30
                 ; 0000 002F 
                 ; 0000 0030 // Port C initialization
                 ; 0000 0031 // Function: Bit7=In Bit6=In Bit5=In Bit4=In Bit3=In Bit2=In Bit1=In Bit0=In
                 ; 0000 0032 DDRC=(0<<DDC7) | (0<<DDC6) | (0<<DDC5) | (0<<DDC4) | (0<<DDC3) | (0<<DDC2) | (0<<DDC1) | (0<<DDC0);
000071 e0e0      	LDI  R30,LOW(0)
000072 bbe4      	OUT  0x14,R30
                 ; 0000 0033 // State: Bit7=T Bit6=T Bit5=T Bit4=T Bit3=T Bit2=T Bit1=T Bit0=T
                 ; 0000 0034 PORTC=(0<<PORTC7) | (0<<PORTC6) | (0<<PORTC5) | (0<<PORTC4) | (0<<PORTC3) | (0<<PORTC2) | (0<<PORTC1) | (0<<PORTC0);
000073 bbe5      	OUT  0x15,R30
                 ; 0000 0035 
                 ; 0000 0036 // Port D initialization
                 ; 0000 0037 // Function: Bit7=In Bit6=In Bit5=In Bit4=In Bit3=In Bit2=In Bit1=In Bit0=In
                 ; 0000 0038 DDRD=(0<<DDD7) | (0<<DDD6) | (0<<DDD5) | (0<<DDD4) | (0<<DDD3) | (0<<DDD2) | (0<<DDD1) | (0<<DDD0);
000074 bbe1      	OUT  0x11,R30
                 ; 0000 0039 // State: Bit7=T Bit6=T Bit5=T Bit4=T Bit3=T Bit2=T Bit1=T Bit0=T
                 ; 0000 003A PORTD=(0<<PORTD7) | (0<<PORTD6) | (0<<PORTD5) | (0<<PORTD4) | (0<<PORTD3) | (0<<PORTD2) | (0<<PORTD1) | (0<<PORTD0);
000075 bbe2      	OUT  0x12,R30
                 ; 0000 003B 
                 ; 0000 003C // Timer/Counter 0 initialization
                 ; 0000 003D // Clock source: System Clock
                 ; 0000 003E // Clock value: Timer 0 Stopped
                 ; 0000 003F // Mode: Normal top=0xFF
                 ; 0000 0040 // OC0 output: Disconnected
                 ; 0000 0041 TCCR0=(0<<WGM00) | (0<<COM01) | (0<<COM00) | (0<<WGM01) | (0<<CS02) | (0<<CS01) | (0<<CS00);
000076 bfe3      	OUT  0x33,R30
                 ; 0000 0042 TCNT0=0x00;
000077 bfe2      	OUT  0x32,R30
                 ; 0000 0043 OCR0=0x00;
000078 bfec      	OUT  0x3C,R30
                 ; 0000 0044 
                 ; 0000 0045 // Timer/Counter 1 initialization
                 ; 0000 0046 // Clock source: System Clock
                 ; 0000 0047 // Clock value: Timer1 Stopped
                 ; 0000 0048 // Mode: Normal top=0xFFFF
                 ; 0000 0049 // OC1A output: Disconnected
                 ; 0000 004A // OC1B output: Disconnected
                 ; 0000 004B // Noise Canceler: Off
                 ; 0000 004C // Input Capture on Falling Edge
                 ; 0000 004D // Timer1 Overflow Interrupt: Off
                 ; 0000 004E // Input Capture Interrupt: Off
                 ; 0000 004F // Compare A Match Interrupt: Off
                 ; 0000 0050 // Compare B Match Interrupt: Off
                 ; 0000 0051 TCCR1A=(0<<COM1A1) | (0<<COM1A0) | (0<<COM1B1) | (0<<COM1B0) | (0<<WGM11) | (0<<WGM10);
000079 bdef      	OUT  0x2F,R30
                 ; 0000 0052 TCCR1B=(0<<ICNC1) | (0<<ICES1) | (0<<WGM13) | (0<<WGM12) | (0<<CS12) | (0<<CS11) | (0<<CS10);
00007a bdee      	OUT  0x2E,R30
                 ; 0000 0053 TCNT1H=0x00;
00007b bded      	OUT  0x2D,R30
                 ; 0000 0054 TCNT1L=0x00;
00007c bdec      	OUT  0x2C,R30
                 ; 0000 0055 ICR1H=0x00;
00007d bde7      	OUT  0x27,R30
                 ; 0000 0056 ICR1L=0x00;
00007e bde6      	OUT  0x26,R30
                 ; 0000 0057 OCR1AH=0x00;
00007f bdeb      	OUT  0x2B,R30
                 ; 0000 0058 OCR1AL=0x00;
000080 bdea      	OUT  0x2A,R30
                 ; 0000 0059 OCR1BH=0x00;
000081 bde9      	OUT  0x29,R30
                 ; 0000 005A OCR1BL=0x00;
000082 bde8      	OUT  0x28,R30
                 ; 0000 005B 
                 ; 0000 005C // Timer/Counter 2 initialization
                 ; 0000 005D // Clock source: System Clock
                 ; 0000 005E // Clock value: Timer2 Stopped
                 ; 0000 005F // Mode: Normal top=0xFF
                 ; 0000 0060 // OC2 output: Disconnected
                 ; 0000 0061 ASSR=0<<AS2;
000083 bde2      	OUT  0x22,R30
                 ; 0000 0062 TCCR2=(0<<PWM2) | (0<<COM21) | (0<<COM20) | (0<<CTC2) | (0<<CS22) | (0<<CS21) | (0<<CS20);
000084 bde5      	OUT  0x25,R30
                 ; 0000 0063 TCNT2=0x00;
000085 bde4      	OUT  0x24,R30
                 ; 0000 0064 OCR2=0x00;
000086 bde3      	OUT  0x23,R30
                 ; 0000 0065 
                 ; 0000 0066 // Timer(s)/Counter(s) Interrupt(s) initialization
                 ; 0000 0067 TIMSK=(0<<OCIE2) | (0<<TOIE2) | (0<<TICIE1) | (0<<OCIE1A) | (0<<OCIE1B) | (0<<TOIE1) | (0<<OCIE0) | (0<<TOIE0);
000087 bfe9      	OUT  0x39,R30
                 ; 0000 0068 
                 ; 0000 0069 // External Interrupt(s) initialization
                 ; 0000 006A // INT0: Off
                 ; 0000 006B // INT1: Off
                 ; 0000 006C // INT2: Off
                 ; 0000 006D MCUCR=(0<<ISC11) | (0<<ISC10) | (0<<ISC01) | (0<<ISC00);
000088 bfe5      	OUT  0x35,R30
                 ; 0000 006E MCUCSR=(0<<ISC2);
000089 bfe4      	OUT  0x34,R30
                 ; 0000 006F 
                 ; 0000 0070 // USART initialization
                 ; 0000 0071 // USART disabled
                 ; 0000 0072 UCSRB=(0<<RXCIE) | (0<<TXCIE) | (0<<UDRIE) | (0<<RXEN) | (0<<TXEN) | (0<<UCSZ2) | (0<<RXB8) | (0<<TXB8);
00008a b9ea      	OUT  0xA,R30
                 ; 0000 0073 
                 ; 0000 0074 // Analog Comparator initialization
                 ; 0000 0075 // Analog Comparator: Off
                 ; 0000 0076 // The Analog Comparator's positive input is
                 ; 0000 0077 // connected to the AIN0 pin
                 ; 0000 0078 // The Analog Comparator's negative input is
                 ; 0000 0079 // connected to the AIN1 pin
                 ; 0000 007A ACSR=(1<<ACD) | (0<<ACBG) | (0<<ACO) | (0<<ACI) | (0<<ACIE) | (0<<ACIC) | (0<<ACIS1) | (0<<ACIS0);
00008b e8e0      	LDI  R30,LOW(128)
00008c b9e8      	OUT  0x8,R30
                 ; 0000 007B SFIOR=(0<<ACME);
00008d e0e0      	LDI  R30,LOW(0)
00008e bfe0      	OUT  0x30,R30
                 ; 0000 007C 
                 ; 0000 007D // ADC initialization
                 ; 0000 007E // ADC disabled
                 ; 0000 007F ADCSRA=(0<<ADEN) | (0<<ADSC) | (0<<ADATE) | (0<<ADIF) | (0<<ADIE) | (0<<ADPS2) | (0<<ADPS1) | (0<<ADPS0);
00008f b9e6      	OUT  0x6,R30
                 ; 0000 0080 
                 ; 0000 0081 // SPI initialization
                 ; 0000 0082 // SPI disabled
                 ; 0000 0083 SPCR=(0<<SPIE) | (0<<SPE) | (0<<DORD) | (0<<MSTR) | (0<<CPOL) | (0<<CPHA) | (0<<SPR1) | (0<<SPR0);
000090 b9ed      	OUT  0xD,R30
                 ; 0000 0084 
                 ; 0000 0085 // TWI initialization
                 ; 0000 0086 // TWI disabled
                 ; 0000 0087 TWCR=(0<<TWEA) | (0<<TWSTA) | (0<<TWSTO) | (0<<TWEN) | (0<<TWIE);
000091 bfe6      	OUT  0x36,R30
                 ; 0000 0088 
                 ; 0000 0089 // Alphanumeric LCD initialization
                 ; 0000 008A // Connections are specified in the
                 ; 0000 008B // Project|Configure|C Compiler|Libraries|Alphanumeric LCD menu:
                 ; 0000 008C // RS - PORTA Bit 0
                 ; 0000 008D // RD - PORTA Bit 1
                 ; 0000 008E // EN - PORTA Bit 2
                 ; 0000 008F // D4 - PORTA Bit 4
                 ; 0000 0090 // D5 - PORTA Bit 5
                 ; 0000 0091 // D6 - PORTA Bit 6
                 ; 0000 0092 // D7 - PORTA Bit 7
                 ; 0000 0093 // Characters/line: 8
                 ; 0000 0094 lcd_init(16);
000092 e1a0      	LDI  R26,LOW(16)
000093 d0ce      	RCALL _lcd_init
                 ; 0000 0095 
                 ; 0000 0096 
                 ; 0000 0097 while (1) {
                 _0x3:
                 ; 0000 0098    int i = 0;
                 ; 0000 0099    lcd_clear();
000094 9722      	SBIW R28,2
000095 e0e0      	LDI  R30,LOW(0)
000096 83e8      	ST   Y,R30
000097 83e9      	STD  Y+1,R30
                 ;	i -> Y+0
000098 d09a      	RCALL _lcd_clear
                 ; 0000 009A 
                 ; 0000 009B     for (i=4;i<7;i++) {
000099 e0e4      	LDI  R30,LOW(4)
00009a e0f0      	LDI  R31,HIGH(4)
00009b 83e8      	ST   Y,R30
00009c 83f9      	STD  Y+1,R31
                 _0x7:
00009d 81a8      	LD   R26,Y
00009e 81b9      	LDD  R27,Y+1
00009f 9717      	SBIW R26,7
0000a0 f00c      	BRLT PC+2
0000a1 c061      	RJMP _0x8
                 ; 0000 009C         int j = 0;
                 ; 0000 009D         int k = 0;
                 ; 0000 009E 
                 ; 0000 009F         switch (i) {
0000a2 9724      	SBIW R28,4
0000a3 e0e0      	LDI  R30,LOW(0)
0000a4 83e8      	ST   Y,R30
0000a5 83e9      	STD  Y+1,R30
0000a6 83ea      	STD  Y+2,R30
0000a7 83eb      	STD  Y+3,R30
                 ;	i -> Y+4
                 ;	j -> Y+2
                 ;	k -> Y+0
0000a8 81ec      	LDD  R30,Y+4
0000a9 81fd      	LDD  R31,Y+4+1
                 ; 0000 00A0             case 4:
0000aa 30e4      	CPI  R30,LOW(0x4)
0000ab e0a0      	LDI  R26,HIGH(0x4)
0000ac 07fa      	CPC  R31,R26
0000ad f421      	BRNE _0xC
                 ; 0000 00A1                 PORTB.4 = 0;
0000ae 98c4      	CBI  0x18,4
                 ; 0000 00A2                 PORTB.5 = 1;
0000af 9ac5      	SBI  0x18,5
                 ; 0000 00A3                 PORTB.6 = 1;
0000b0 9ac6      	SBI  0x18,6
                 ; 0000 00A4                 break;
0000b1 c00f      	RJMP _0xB
                 ; 0000 00A5             case 5:
                 _0xC:
0000b2 30e5      	CPI  R30,LOW(0x5)
0000b3 e0a0      	LDI  R26,HIGH(0x5)
0000b4 07fa      	CPC  R31,R26
0000b5 f421      	BRNE _0x13
                 ; 0000 00A6                 PORTB.5 = 0;
0000b6 98c5      	CBI  0x18,5
                 ; 0000 00A7                 PORTB.4 = 1;
0000b7 9ac4      	SBI  0x18,4
                 ; 0000 00A8                 PORTB.6 = 1;
0000b8 9ac6      	SBI  0x18,6
                 ; 0000 00A9                 break;
0000b9 c007      	RJMP _0xB
                 ; 0000 00AA             case 6:
                 _0x13:
0000ba 30e6      	CPI  R30,LOW(0x6)
0000bb e0a0      	LDI  R26,HIGH(0x6)
0000bc 07fa      	CPC  R31,R26
0000bd f419      	BRNE _0xB
                 ; 0000 00AB                 PORTB.6 = 0;
0000be 98c6      	CBI  0x18,6
                 ; 0000 00AC                 PORTB.4 = 1;
0000bf 9ac4      	SBI  0x18,4
                 ; 0000 00AD                 PORTB.5 = 1;
0000c0 9ac5      	SBI  0x18,5
                 ; 0000 00AE                 break;
                 ; 0000 00AF         }
                 _0xB:
                 ; 0000 00B0 
                 ; 0000 00B1         while(k++<5000);
                 _0x21:
0000c1 d0c5      	RCALL SUBOPT_0x0
0000c2 f3f4      	BRLT _0x21
                 ; 0000 00B2 
                 ; 0000 00B3         for (j=0;j<4;j++) {
0000c3 e0e0      	LDI  R30,LOW(0)
0000c4 83ea      	STD  Y+2,R30
0000c5 83eb      	STD  Y+2+1,R30
                 _0x25:
0000c6 81aa      	LDD  R26,Y+2
0000c7 81bb      	LDD  R27,Y+2+1
0000c8 9714      	SBIW R26,4
0000c9 f56c      	BRGE _0x26
                 ; 0000 00B4             switch (j) {
0000ca 81ea      	LDD  R30,Y+2
0000cb 81fb      	LDD  R31,Y+2+1
                 ; 0000 00B5                 case 0:
0000cc 9730      	SBIW R30,0
0000cd f431      	BRNE _0x2A
                 ; 0000 00B6                     if (PINB.0 == 0) {
0000ce 99b0      	SBIC 0x16,0
0000cf c003      	RJMP _0x2B
                 ; 0000 00B7                         lcd_puts("0");
                +
0000d0 e6a0     +LDI R26 , LOW ( _0x2C + ( 0 ) )
0000d1 e0b1     +LDI R27 , HIGH ( _0x2C + ( 0 ) )
                 	__POINTW2MN _0x2C,0
0000d2 d07e      	RCALL _lcd_puts
                 ; 0000 00B8                     }
                 ; 0000 00B9                     break;
                 _0x2B:
0000d3 c01d      	RJMP _0x29
                 ; 0000 00BA                 case 1:
                 _0x2A:
0000d4 30e1      	CPI  R30,LOW(0x1)
0000d5 e0a0      	LDI  R26,HIGH(0x1)
0000d6 07fa      	CPC  R31,R26
0000d7 f431      	BRNE _0x2D
                 ; 0000 00BB                     if (PINB.1 == 0) {
0000d8 99b1      	SBIC 0x16,1
0000d9 c003      	RJMP _0x2E
                 ; 0000 00BC                         lcd_puts("1");
                +
0000da e6a2     +LDI R26 , LOW ( _0x2C + ( 2 ) )
0000db e0b1     +LDI R27 , HIGH ( _0x2C + ( 2 ) )
                 	__POINTW2MN _0x2C,2
0000dc d074      	RCALL _lcd_puts
                 ; 0000 00BD                     }
                 ; 0000 00BE                     break;
                 _0x2E:
0000dd c013      	RJMP _0x29
                 ; 0000 00BF                 case 2:
                 _0x2D:
0000de 30e2      	CPI  R30,LOW(0x2)
0000df e0a0      	LDI  R26,HIGH(0x2)
0000e0 07fa      	CPC  R31,R26
0000e1 f431      	BRNE _0x2F
                 ; 0000 00C0                     if (PINB.2 == 0) {
0000e2 99b2      	SBIC 0x16,2
0000e3 c003      	RJMP _0x30
                 ; 0000 00C1                         lcd_puts("2");
                +
0000e4 e6a4     +LDI R26 , LOW ( _0x2C + ( 4 ) )
0000e5 e0b1     +LDI R27 , HIGH ( _0x2C + ( 4 ) )
                 	__POINTW2MN _0x2C,4
0000e6 d06a      	RCALL _lcd_puts
                 ; 0000 00C2                     }
                 ; 0000 00C3                     break;
                 _0x30:
0000e7 c009      	RJMP _0x29
                 ; 0000 00C4                 case 3:
                 _0x2F:
0000e8 30e3      	CPI  R30,LOW(0x3)
0000e9 e0a0      	LDI  R26,HIGH(0x3)
0000ea 07fa      	CPC  R31,R26
0000eb f429      	BRNE _0x29
                 ; 0000 00C5                     if (PINB.3 == 0) {
0000ec 99b3      	SBIC 0x16,3
0000ed c003      	RJMP _0x32
                 ; 0000 00C6                         lcd_puts("3");
                +
0000ee e6a6     +LDI R26 , LOW ( _0x2C + ( 6 ) )
0000ef e0b1     +LDI R27 , HIGH ( _0x2C + ( 6 ) )
                 	__POINTW2MN _0x2C,6
0000f0 d060      	RCALL _lcd_puts
                 ; 0000 00C7                     }
                 ; 0000 00C8                     break;
                 _0x32:
                 ; 0000 00C9             }
                 _0x29:
                 ; 0000 00CA         }
0000f1 81ea      	LDD  R30,Y+2
0000f2 81fb      	LDD  R31,Y+2+1
0000f3 9631      	ADIW R30,1
0000f4 83ea      	STD  Y+2,R30
0000f5 83fb      	STD  Y+2+1,R31
0000f6 cfcf      	RJMP _0x25
                 _0x26:
                 ; 0000 00CB         k = 0;
0000f7 e0e0      	LDI  R30,LOW(0)
0000f8 83e8      	STD  Y+0,R30
0000f9 83e9      	STD  Y+0+1,R30
                 ; 0000 00CC         while(k++<5000);
                 _0x33:
0000fa d08c      	RCALL SUBOPT_0x0
0000fb f3f4      	BRLT _0x33
                 ; 0000 00CD     }
0000fc 9624      	ADIW R28,4
0000fd 81e8      	LD   R30,Y
0000fe 81f9      	LDD  R31,Y+1
0000ff 9631      	ADIW R30,1
000100 83e8      	ST   Y,R30
000101 83f9      	STD  Y+1,R31
000102 cf9a      	RJMP _0x7
                 _0x8:
                 ; 0000 00CE }
000103 9622      	ADIW R28,2
000104 cf8f      	RJMP _0x3
                 ; 0000 00CF 
                 ; 0000 00D0 }
                 _0x36:
000105 cfff      	RJMP _0x36
                 ; .FEND
                 
                 	.DSEG
                 _0x2C:
000160           	.BYTE 0x8
                 	#ifndef __SLEEP_DEFINED__
                 	#endif
                 
                 	.CSEG
                 __lcd_write_nibble_G100:
                 ; .FSTART __lcd_write_nibble_G100
000106 93aa      	ST   -Y,R26
000107 b3eb      	IN   R30,0x1B
000108 70ef      	ANDI R30,LOW(0xF)
000109 2fae      	MOV  R26,R30
00010a 81e8      	LD   R30,Y
00010b 7fe0      	ANDI R30,LOW(0xF0)
00010c 2bea      	OR   R30,R26
00010d bbeb      	OUT  0x1B,R30
                +
00010e e088     +LDI R24 , LOW ( 8 )
                +__DELAY_USB_LOOP :
00010f 958a     +DEC R24
000110 f7f1     +BRNE __DELAY_USB_LOOP
                 	__DELAY_USB 8
000111 9ada      	SBI  0x1B,2
                +
000112 e184     +LDI R24 , LOW ( 20 )
                +__DELAY_USB_LOOP :
000113 958a     +DEC R24
000114 f7f1     +BRNE __DELAY_USB_LOOP
                 	__DELAY_USB 20
000115 98da      	CBI  0x1B,2
                +
000116 e184     +LDI R24 , LOW ( 20 )
                +__DELAY_USB_LOOP :
000117 958a     +DEC R24
000118 f7f1     +BRNE __DELAY_USB_LOOP
                 	__DELAY_USB 20
000119 c06b      	RJMP _0x2020001
                 ; .FEND
                 __lcd_write_data:
                 ; .FSTART __lcd_write_data
00011a 93aa      	ST   -Y,R26
00011b 81a8      	LD   R26,Y
00011c dfe9      	RCALL __lcd_write_nibble_G100
00011d 81e8          ld    r30,y
00011e 95e2          swap  r30
00011f 83e8          st    y,r30
000120 81a8      	LD   R26,Y
000121 dfe4      	RCALL __lcd_write_nibble_G100
                +
000122 ec88     +LDI R24 , LOW ( 200 )
                +__DELAY_USB_LOOP :
000123 958a     +DEC R24
000124 f7f1     +BRNE __DELAY_USB_LOOP
                 	__DELAY_USB 200
000125 c05f      	RJMP _0x2020001
                 ; .FEND
                 _lcd_gotoxy:
                 ; .FSTART _lcd_gotoxy
000126 93aa      	ST   -Y,R26
000127 81e8      	LD   R30,Y
000128 e0f0      	LDI  R31,0
000129 5aec      	SUBI R30,LOW(-__base_y_G100*2)
00012a 4fff      	SBCI R31,HIGH(-__base_y_G100*2)
00012b 91e4      	LPM  R30,Z
00012c 81a9      	LDD  R26,Y+1
00012d 0fae      	ADD  R26,R30
00012e dfeb      	RCALL __lcd_write_data
00012f 8059      	LDD  R5,Y+1
000130 8048      	LDD  R4,Y+0
000131 9622      	ADIW R28,2
000132 9508      	RET
                 ; .FEND
                 _lcd_clear:
                 ; .FSTART _lcd_clear
000133 e0a2      	LDI  R26,LOW(2)
000134 d05c      	RCALL SUBOPT_0x1
000135 e0ac      	LDI  R26,LOW(12)
000136 dfe3      	RCALL __lcd_write_data
000137 e0a1      	LDI  R26,LOW(1)
000138 d058      	RCALL SUBOPT_0x1
000139 e0e0      	LDI  R30,LOW(0)
00013a 2e4e      	MOV  R4,R30
00013b 2e5e      	MOV  R5,R30
00013c 9508      	RET
                 ; .FEND
                 _lcd_putchar:
                 ; .FSTART _lcd_putchar
00013d 93aa      	ST   -Y,R26
00013e 81a8      	LD   R26,Y
00013f 30aa      	CPI  R26,LOW(0xA)
000140 f011      	BREQ _0x2000004
000141 1457      	CP   R5,R7
000142 f040      	BRLO _0x2000003
                 _0x2000004:
000143 e0e0      	LDI  R30,LOW(0)
000144 93ea      	ST   -Y,R30
000145 9443      	INC  R4
000146 2da4      	MOV  R26,R4
000147 dfde      	RCALL _lcd_gotoxy
000148 81a8      	LD   R26,Y
000149 30aa      	CPI  R26,LOW(0xA)
00014a f1d1      	BREQ _0x2020001
                 _0x2000003:
00014b 9453      	INC  R5
00014c 9ad8      	SBI  0x1B,0
00014d 81a8      	LD   R26,Y
00014e dfcb      	RCALL __lcd_write_data
00014f 98d8      	CBI  0x1B,0
000150 c034      	RJMP _0x2020001
                 ; .FEND
                 _lcd_puts:
                 ; .FSTART _lcd_puts
000151 93ba      	ST   -Y,R27
000152 93aa      	ST   -Y,R26
000153 931a      	ST   -Y,R17
                 _0x2000007:
000154 81a9      	LDD  R26,Y+1
000155 81ba      	LDD  R27,Y+1+1
000156 91ed      	LD   R30,X+
000157 83a9      	STD  Y+1,R26
000158 83ba      	STD  Y+1+1,R27
000159 2f1e      	MOV  R17,R30
00015a 30e0      	CPI  R30,0
00015b f019      	BREQ _0x2000009
00015c 2fa1      	MOV  R26,R17
00015d dfdf      	RCALL _lcd_putchar
00015e cff5      	RJMP _0x2000007
                 _0x2000009:
00015f 8118      	LDD  R17,Y+0
000160 9623      	ADIW R28,3
000161 9508      	RET
                 ; .FEND
                 _lcd_init:
                 ; .FSTART _lcd_init
000162 93aa      	ST   -Y,R26
000163 b3ea      	IN   R30,0x1A
000164 6fe0      	ORI  R30,LOW(0xF0)
000165 bbea      	OUT  0x1A,R30
000166 9ad2      	SBI  0x1A,2
000167 9ad0      	SBI  0x1A,0
000168 9ad1      	SBI  0x1A,1
000169 98da      	CBI  0x1B,2
00016a 98d8      	CBI  0x1B,0
00016b 98d9      	CBI  0x1B,1
00016c 8078      	LDD  R7,Y+0
00016d e1a4      	LDI  R26,LOW(20)
00016e e0b0      	LDI  R27,0
00016f 940e 019d 	CALL _delay_ms
000171 d024      	RCALL SUBOPT_0x2
000172 d023      	RCALL SUBOPT_0x2
000173 d022      	RCALL SUBOPT_0x2
000174 e2a0      	LDI  R26,LOW(32)
000175 df90      	RCALL __lcd_write_nibble_G100
                +
000176 e28c     +LDI R24 , LOW ( 300 )
000177 e091     +LDI R25 , HIGH ( 300 )
                +__DELAY_USW_LOOP :
000178 9701     +SBIW R24 , 1
000179 f7f1     +BRNE __DELAY_USW_LOOP
                 	__DELAY_USW 300
00017a e2a4      	LDI  R26,LOW(36)
00017b df9e      	RCALL __lcd_write_data
00017c e0a9      	LDI  R26,LOW(9)
00017d df9c      	RCALL __lcd_write_data
00017e e2a0      	LDI  R26,LOW(32)
00017f df9a      	RCALL __lcd_write_data
000180 e0ac      	LDI  R26,LOW(12)
000181 df98      	RCALL __lcd_write_data
000182 e0a6      	LDI  R26,LOW(6)
000183 df96      	RCALL __lcd_write_data
000184 dfae      	RCALL _lcd_clear
                 _0x2020001:
000185 9621      	ADIW R28,1
000186 9508      	RET
                 ; .FEND
                 
                 	.CSEG
                 ;OPTIMIZER ADDED SUBROUTINE, CALLED 2 TIMES, CODE SIZE REDUCTION:4 WORDS
                 SUBOPT_0x0:
000187 81a8      	LD   R26,Y
000188 81b9      	LDD  R27,Y+1
000189 9611      	ADIW R26,1
00018a 83a8      	ST   Y,R26
00018b 83b9      	STD  Y+1,R27
00018c 9711      	SBIW R26,1
00018d 38a8      	CPI  R26,LOW(0x1388)
00018e e1e3      	LDI  R30,HIGH(0x1388)
00018f 07be      	CPC  R27,R30
000190 9508      	RET
                 
                 ;OPTIMIZER ADDED SUBROUTINE, CALLED 2 TIMES, CODE SIZE REDUCTION:1 WORDS
                 SUBOPT_0x1:
000191 df88      	RCALL __lcd_write_data
000192 e0a3      	LDI  R26,LOW(3)
000193 e0b0      	LDI  R27,0
000194 940c 019d 	JMP  _delay_ms
                 
                 ;OPTIMIZER ADDED SUBROUTINE, CALLED 3 TIMES, CODE SIZE REDUCTION:7 WORDS
                 SUBOPT_0x2:
000196 e3a0      	LDI  R26,LOW(48)
000197 df6e      	RCALL __lcd_write_nibble_G100
                +
000198 e28c     +LDI R24 , LOW ( 300 )
000199 e091     +LDI R25 , HIGH ( 300 )
                +__DELAY_USW_LOOP :
00019a 9701     +SBIW R24 , 1
00019b f7f1     +BRNE __DELAY_USW_LOOP
                 	__DELAY_USW 300
00019c 9508      	RET
                 
                 
                 	.CSEG
                 _delay_ms:
00019d 9610      	adiw r26,0
00019e f039      	breq __delay_ms1
                 __delay_ms0:
                +
00019f eb88     +LDI R24 , LOW ( 0xBB8 )
0001a0 e09b     +LDI R25 , HIGH ( 0xBB8 )
                +__DELAY_USW_LOOP :
0001a1 9701     +SBIW R24 , 1
0001a2 f7f1     +BRNE __DELAY_USW_LOOP
                 	__DELAY_USW 0xBB8
0001a3 95a8      	wdr
0001a4 9711      	sbiw r26,1
0001a5 f7c9      	brne __delay_ms0
                 __delay_ms1:
0001a6 9508      	ret
                 
                 ;END OF CODE MARKER
                 __END_OF_CODE:


RESOURCE USE INFORMATION
------------------------

Notice:
The register and instruction counts are symbol table hit counts,
and hence implicitly used resources are not counted, eg, the
'lpm' instruction without operands implicitly uses r0 and z,
none of which are counted.

x,y,z are separate entities in the symbol table and are
counted separately from r26..r31 here.

.dseg memory usage only counts static data declared with .byte

ATmega16A register use summary:
r0 :   4 r1 :   1 r2 :   0 r3 :   0 r4 :   4 r5 :   4 r6 :   0 r7 :   2 
r8 :   0 r9 :   0 r10:   0 r11:   0 r12:   0 r13:   0 r14:   0 r15:   0 
r16:   0 r17:   4 r18:   0 r19:   0 r20:   0 r21:   0 r22:   2 r23:   0 
r24:  21 r25:   5 r26:  64 r27:  16 r28:   8 r29:   1 r30: 112 r31:  19 
x  :   4 y  :  59 z  :   8 
Registers used: 18 out of 35 (51.4%)

ATmega16A instruction use summary:
.lds  :   0 .lds.l:   0 .sts  :   0 .sts.l:   0 adc   :   0 add   :   1 
adiw  :   9 and   :   0 andi  :   2 asr   :   0 bclr  :   0 bld   :   0 
brbc  :   0 brbs  :   0 brcc  :   0 brcs  :   0 break :   0 breq  :   5 
brge  :   1 brhc  :   0 brhs  :   0 brid  :   0 brie  :   0 brlo  :   1 
brlt  :   3 brmi  :   0 brne  :  18 brpl  :   0 brsh  :   0 brtc  :   0 
brts  :   0 brvc  :   0 brvs  :   0 bset  :   0 bst   :   0 call  :   1 
cbi   :   8 cbr   :   0 clc   :   0 clh   :   0 cli   :   1 cln   :   0 
clr   :   2 cls   :   0 clt   :   0 clv   :   0 clz   :   0 com   :   0 
cp    :   1 cpc   :   7 cpi   :  10 cpse  :   0 dec   :   5 des   :   0 
eor   :   0 fmul  :   0 fmuls :   0 fmulsu:   0 icall :   0 ijmp  :   0 
in    :   2 inc   :   2 jmp   :  23 ld    :  12 ldd   :  18 ldi   :  67 
lds   :   0 lpm   :   9 lsl   :   0 lsr   :   0 mov   :   6 movw  :   3 
mul   :   0 muls  :   0 mulsu :   0 neg   :   0 nop   :   0 or    :   1 
ori   :   1 out   :  42 pop   :   0 push  :   0 rcall :  29 ret   :   7 
reti  :   0 rjmp  :  19 rol   :   0 ror   :   0 sbc   :   0 sbci  :   1 
sbi   :  11 sbic  :   4 sbis  :   0 sbiw  :  13 sbr   :   0 sbrc  :   0 
sbrs  :   0 sec   :   0 seh   :   0 sei   :   0 sen   :   0 ser   :   0 
ses   :   0 set   :   0 sev   :   0 sez   :   0 sleep :   0 spm   :   0 
st    :  18 std   :  15 sts   :   0 sub   :   0 subi  :   1 swap  :   1 
tst   :   0 wdr   :   1 
Instructions used: 40 out of 116 (34.5%)

ATmega16A memory use summary [bytes]:
Segment   Begin    End      Code   Data   Used    Size   Use%
---------------------------------------------------------------
[.cseg] 0x000000 0x00034e    808     38    846   16384   5.2%
[.dseg] 0x000060 0x000168      0      8      8    1024   0.8%
[.eseg] 0x000000 0x000000      0      0      0     512   0.0%

Assembly complete, 0 errors, 3 warnings
